{"/Users/juretriglav/src/rgass/src/doubly-linked-list.js": {"path":"/Users/juretriglav/src/rgass/src/doubly-linked-list.js","statementMap":{"0":{"start":{"line":5,"column":10},"end":{"line":5,"column":27}},"1":{"start":{"line":6,"column":13},"end":{"line":6,"column":30}},"2":{"start":{"line":10,"column":4},"end":{"line":10,"column":20}},"3":{"start":{"line":11,"column":4},"end":{"line":11,"column":20}},"4":{"start":{"line":12,"column":4},"end":{"line":12,"column":27}},"5":{"start":{"line":16,"column":17},"end":{"line":16,"column":31}},"6":{"start":{"line":17,"column":4},"end":{"line":24,"column":5}},"7":{"start":{"line":18,"column":6},"end":{"line":18,"column":22}},"8":{"start":{"line":19,"column":6},"end":{"line":19,"column":22}},"9":{"start":{"line":21,"column":6},"end":{"line":21,"column":31}},"10":{"start":{"line":22,"column":6},"end":{"line":22,"column":27}},"11":{"start":{"line":23,"column":6},"end":{"line":23,"column":22}},"12":{"start":{"line":25,"column":4},"end":{"line":25,"column":25}},"13":{"start":{"line":29,"column":18},"end":{"line":29,"column":27}},"14":{"start":{"line":30,"column":4},"end":{"line":48,"column":5}},"15":{"start":{"line":31,"column":6},"end":{"line":46,"column":7}},"16":{"start":{"line":32,"column":8},"end":{"line":44,"column":9}},"17":{"start":{"line":33,"column":10},"end":{"line":33,"column":26}},"18":{"start":{"line":34,"column":10},"end":{"line":34,"column":26}},"19":{"start":{"line":35,"column":15},"end":{"line":44,"column":9}},"20":{"start":{"line":36,"column":10},"end":{"line":36,"column":36}},"21":{"start":{"line":37,"column":10},"end":{"line":37,"column":35}},"22":{"start":{"line":38,"column":15},"end":{"line":44,"column":9}},"23":{"start":{"line":39,"column":10},"end":{"line":39,"column":40}},"24":{"start":{"line":40,"column":10},"end":{"line":40,"column":31}},"25":{"start":{"line":42,"column":10},"end":{"line":42,"column":46}},"26":{"start":{"line":43,"column":10},"end":{"line":43,"column":50}},"27":{"start":{"line":45,"column":8},"end":{"line":45,"column":29}},"28":{"start":{"line":47,"column":6},"end":{"line":47,"column":28}},"29":{"start":{"line":52,"column":18},"end":{"line":52,"column":27}},"30":{"start":{"line":53,"column":4},"end":{"line":67,"column":5}},"31":{"start":{"line":54,"column":6},"end":{"line":65,"column":7}},"32":{"start":{"line":55,"column":19},"end":{"line":55,"column":33}},"33":{"start":{"line":56,"column":8},"end":{"line":64,"column":9}},"34":{"start":{"line":57,"column":10},"end":{"line":57,"column":24}},"35":{"start":{"line":59,"column":10},"end":{"line":59,"column":38}},"36":{"start":{"line":60,"column":10},"end":{"line":60,"column":33}},"37":{"start":{"line":61,"column":10},"end":{"line":61,"column":34}},"38":{"start":{"line":62,"column":10},"end":{"line":62,"column":29}},"39":{"start":{"line":63,"column":10},"end":{"line":63,"column":31}},"40":{"start":{"line":66,"column":6},"end":{"line":66,"column":28}},"41":{"start":{"line":71,"column":18},"end":{"line":71,"column":27}},"42":{"start":{"line":72,"column":4},"end":{"line":84,"column":5}},"43":{"start":{"line":73,"column":6},"end":{"line":82,"column":7}},"44":{"start":{"line":74,"column":8},"end":{"line":81,"column":9}},"45":{"start":{"line":75,"column":23},"end":{"line":75,"column":37}},"46":{"start":{"line":76,"column":10},"end":{"line":76,"column":33}},"47":{"start":{"line":77,"column":10},"end":{"line":77,"column":26}},"48":{"start":{"line":78,"column":10},"end":{"line":78,"column":29}},"49":{"start":{"line":80,"column":10},"end":{"line":80,"column":55}},"50":{"start":{"line":83,"column":6},"end":{"line":83,"column":28}},"51":{"start":{"line":88,"column":18},"end":{"line":88,"column":27}},"52":{"start":{"line":89,"column":4},"end":{"line":94,"column":5}},"53":{"start":{"line":90,"column":6},"end":{"line":92,"column":7}},"54":{"start":{"line":91,"column":8},"end":{"line":91,"column":19}},"55":{"start":{"line":93,"column":6},"end":{"line":93,"column":28}},"56":{"start":{"line":98,"column":18},"end":{"line":98,"column":27}},"57":{"start":{"line":99,"column":4},"end":{"line":104,"column":5}},"58":{"start":{"line":100,"column":6},"end":{"line":102,"column":7}},"59":{"start":{"line":101,"column":8},"end":{"line":101,"column":19}},"60":{"start":{"line":103,"column":6},"end":{"line":103,"column":32}},"61":{"start":{"line":108,"column":4},"end":{"line":108,"column":30}},"62":{"start":{"line":112,"column":17},"end":{"line":112,"column":19}},"63":{"start":{"line":113,"column":18},"end":{"line":113,"column":27}},"64":{"start":{"line":114,"column":4},"end":{"line":117,"column":5}},"65":{"start":{"line":115,"column":6},"end":{"line":115,"column":34}},"66":{"start":{"line":116,"column":6},"end":{"line":116,"column":28}},"67":{"start":{"line":118,"column":4},"end":{"line":118,"column":24}},"68":{"start":{"line":122,"column":4},"end":{"line":122,"column":32}},"69":{"start":{"line":126,"column":16},"end":{"line":126,"column":18}},"70":{"start":{"line":127,"column":18},"end":{"line":127,"column":27}},"71":{"start":{"line":128,"column":4},"end":{"line":131,"column":5}},"72":{"start":{"line":129,"column":6},"end":{"line":129,"column":25}},"73":{"start":{"line":130,"column":6},"end":{"line":130,"column":28}},"74":{"start":{"line":132,"column":4},"end":{"line":132,"column":16}},"75":{"start":{"line":136,"column":4},"end":{"line":136,"column":39}},"76":{"start":{"line":140,"column":27},"end":{"line":140,"column":37}},"77":{"start":{"line":141,"column":4},"end":{"line":143,"column":6}},"78":{"start":{"line":142,"column":6},"end":{"line":142,"column":32}},"79":{"start":{"line":144,"column":4},"end":{"line":144,"column":27}},"80":{"start":{"line":148,"column":16},"end":{"line":148,"column":32}},"81":{"start":{"line":149,"column":4},"end":{"line":149,"column":32}},"82":{"start":{"line":153,"column":0},"end":{"line":156,"column":1}}},"fnMap":{"0":{"name":"(anonymous_0)","decl":{"start":{"line":9,"column":2},"end":{"line":9,"column":3}},"loc":{"start":{"line":9,"column":17},"end":{"line":13,"column":3}},"line":9},"1":{"name":"(anonymous_1)","decl":{"start":{"line":15,"column":2},"end":{"line":15,"column":3}},"loc":{"start":{"line":15,"column":13},"end":{"line":26,"column":3}},"line":15},"2":{"name":"(anonymous_2)","decl":{"start":{"line":28,"column":2},"end":{"line":28,"column":3}},"loc":{"start":{"line":28,"column":16},"end":{"line":49,"column":3}},"line":28},"3":{"name":"(anonymous_3)","decl":{"start":{"line":51,"column":2},"end":{"line":51,"column":3}},"loc":{"start":{"line":51,"column":33},"end":{"line":68,"column":3}},"line":51},"4":{"name":"(anonymous_4)","decl":{"start":{"line":70,"column":2},"end":{"line":70,"column":3}},"loc":{"start":{"line":70,"column":34},"end":{"line":85,"column":3}},"line":70},"5":{"name":"(anonymous_5)","decl":{"start":{"line":87,"column":2},"end":{"line":87,"column":3}},"loc":{"start":{"line":87,"column":16},"end":{"line":95,"column":3}},"line":87},"6":{"name":"(anonymous_6)","decl":{"start":{"line":97,"column":2},"end":{"line":97,"column":3}},"loc":{"start":{"line":97,"column":23},"end":{"line":105,"column":3}},"line":97},"7":{"name":"(anonymous_7)","decl":{"start":{"line":107,"column":2},"end":{"line":107,"column":3}},"loc":{"start":{"line":107,"column":12},"end":{"line":109,"column":3}},"line":107},"8":{"name":"(anonymous_8)","decl":{"start":{"line":111,"column":2},"end":{"line":111,"column":3}},"loc":{"start":{"line":111,"column":14},"end":{"line":119,"column":3}},"line":111},"9":{"name":"(anonymous_9)","decl":{"start":{"line":121,"column":2},"end":{"line":121,"column":3}},"loc":{"start":{"line":121,"column":11},"end":{"line":123,"column":3}},"line":121},"10":{"name":"(anonymous_10)","decl":{"start":{"line":125,"column":2},"end":{"line":125,"column":3}},"loc":{"start":{"line":125,"column":11},"end":{"line":133,"column":3}},"line":125},"11":{"name":"(anonymous_11)","decl":{"start":{"line":135,"column":2},"end":{"line":135,"column":3}},"loc":{"start":{"line":135,"column":12},"end":{"line":137,"column":3}},"line":135},"12":{"name":"(anonymous_12)","decl":{"start":{"line":139,"column":2},"end":{"line":139,"column":3}},"loc":{"start":{"line":139,"column":27},"end":{"line":145,"column":3}},"line":139},"13":{"name":"(anonymous_13)","decl":{"start":{"line":141,"column":18},"end":{"line":141,"column":19}},"loc":{"start":{"line":141,"column":28},"end":{"line":143,"column":5}},"line":141},"14":{"name":"(anonymous_14)","decl":{"start":{"line":147,"column":2},"end":{"line":147,"column":3}},"loc":{"start":{"line":147,"column":25},"end":{"line":150,"column":3}},"line":147}},"branchMap":{"0":{"loc":{"start":{"line":17,"column":4},"end":{"line":24,"column":5}},"type":"if","locations":[{"start":{"line":17,"column":4},"end":{"line":24,"column":5}},{"start":{"line":17,"column":4},"end":{"line":24,"column":5}}],"line":17},"1":{"loc":{"start":{"line":31,"column":6},"end":{"line":46,"column":7}},"type":"if","locations":[{"start":{"line":31,"column":6},"end":{"line":46,"column":7}},{"start":{"line":31,"column":6},"end":{"line":46,"column":7}}],"line":31},"2":{"loc":{"start":{"line":32,"column":8},"end":{"line":44,"column":9}},"type":"if","locations":[{"start":{"line":32,"column":8},"end":{"line":44,"column":9}},{"start":{"line":32,"column":8},"end":{"line":44,"column":9}}],"line":32},"3":{"loc":{"start":{"line":32,"column":12},"end":{"line":32,"column":58}},"type":"binary-expr","locations":[{"start":{"line":32,"column":12},"end":{"line":32,"column":33}},{"start":{"line":32,"column":37},"end":{"line":32,"column":58}}],"line":32},"4":{"loc":{"start":{"line":35,"column":15},"end":{"line":44,"column":9}},"type":"if","locations":[{"start":{"line":35,"column":15},"end":{"line":44,"column":9}},{"start":{"line":35,"column":15},"end":{"line":44,"column":9}}],"line":35},"5":{"loc":{"start":{"line":38,"column":15},"end":{"line":44,"column":9}},"type":"if","locations":[{"start":{"line":38,"column":15},"end":{"line":44,"column":9}},{"start":{"line":38,"column":15},"end":{"line":44,"column":9}}],"line":38},"6":{"loc":{"start":{"line":54,"column":6},"end":{"line":65,"column":7}},"type":"if","locations":[{"start":{"line":54,"column":6},"end":{"line":65,"column":7}},{"start":{"line":54,"column":6},"end":{"line":65,"column":7}}],"line":54},"7":{"loc":{"start":{"line":56,"column":8},"end":{"line":64,"column":9}},"type":"if","locations":[{"start":{"line":56,"column":8},"end":{"line":64,"column":9}},{"start":{"line":56,"column":8},"end":{"line":64,"column":9}}],"line":56},"8":{"loc":{"start":{"line":73,"column":6},"end":{"line":82,"column":7}},"type":"if","locations":[{"start":{"line":73,"column":6},"end":{"line":82,"column":7}},{"start":{"line":73,"column":6},"end":{"line":82,"column":7}}],"line":73},"9":{"loc":{"start":{"line":74,"column":8},"end":{"line":81,"column":9}},"type":"if","locations":[{"start":{"line":74,"column":8},"end":{"line":81,"column":9}},{"start":{"line":74,"column":8},"end":{"line":81,"column":9}}],"line":74},"10":{"loc":{"start":{"line":90,"column":6},"end":{"line":92,"column":7}},"type":"if","locations":[{"start":{"line":90,"column":6},"end":{"line":92,"column":7}},{"start":{"line":90,"column":6},"end":{"line":92,"column":7}}],"line":90},"11":{"loc":{"start":{"line":100,"column":6},"end":{"line":102,"column":7}},"type":"if","locations":[{"start":{"line":100,"column":6},"end":{"line":102,"column":7}},{"start":{"line":100,"column":6},"end":{"line":102,"column":7}}],"line":100}},"s":{"0":1,"1":1,"2":1,"3":1,"4":1,"5":8,"6":8,"7":2,"8":2,"9":6,"10":6,"11":6,"12":8,"13":5,"14":5,"15":13,"16":4,"17":1,"18":1,"19":3,"20":1,"21":1,"22":2,"23":1,"24":1,"25":1,"26":1,"27":4,"28":13,"29":5,"30":5,"31":22,"32":4,"33":4,"34":1,"35":3,"36":3,"37":3,"38":3,"39":3,"40":22,"41":0,"42":0,"43":0,"44":0,"45":0,"46":0,"47":0,"48":0,"49":0,"50":0,"51":2,"52":2,"53":14,"54":14,"55":14,"56":2,"57":2,"58":10,"59":10,"60":10,"61":7,"62":15,"63":15,"64":15,"65":53,"66":53,"67":15,"68":0,"69":0,"70":0,"71":0,"72":0,"73":0,"74":0,"75":0,"76":0,"77":0,"78":0,"79":0,"80":0,"81":0,"82":1},"f":{"0":1,"1":8,"2":5,"3":5,"4":0,"5":2,"6":2,"7":7,"8":15,"9":0,"10":0,"11":0,"12":0,"13":0,"14":0},"b":{"0":[2,6],"1":[4,9],"2":[1,3],"3":[4,2],"4":[1,2],"5":[1,1],"6":[4,18],"7":[1,3],"8":[0,0],"9":[0,0],"10":[14,0],"11":[10,0]},"_coverageSchema":"332fd63041d2c1bcb487cc26dd0d5f7d97098a6c","hash":"aa40d1692bc6cadb8c4dc3a6bc6a70a6983f3362"}
,"/Users/juretriglav/src/rgass/src/node.js": {"path":"/Users/juretriglav/src/rgass/src/node.js","statementMap":{"0":{"start":{"line":22,"column":4},"end":{"line":22,"column":20}},"1":{"start":{"line":24,"column":4},"end":{"line":24,"column":24}},"2":{"start":{"line":25,"column":4},"end":{"line":25,"column":20}},"3":{"start":{"line":29,"column":0},"end":{"line":29,"column":21}}},"fnMap":{"0":{"name":"(anonymous_0)","decl":{"start":{"line":21,"column":2},"end":{"line":21,"column":3}},"loc":{"start":{"line":21,"column":21},"end":{"line":26,"column":3}},"line":21}},"branchMap":{},"s":{"0":12,"1":12,"2":12,"3":1},"f":{"0":12},"b":{},"_coverageSchema":"332fd63041d2c1bcb487cc26dd0d5f7d97098a6c","hash":"0e563cafe2e62f31b2b70aca585887f039b319dd"}
,"/Users/juretriglav/src/rgass/src/vector-clock.js": {"path":"/Users/juretriglav/src/rgass/src/vector-clock.js","statementMap":{"0":{"start":{"line":3,"column":4},"end":{"line":3,"column":20}},"1":{"start":{"line":7,"column":4},"end":{"line":11,"column":5}},"2":{"start":{"line":8,"column":6},"end":{"line":8,"column":51}},"3":{"start":{"line":10,"column":6},"end":{"line":10,"column":29}},"4":{"start":{"line":15,"column":4},"end":{"line":15,"column":30}},"5":{"start":{"line":19,"column":4},"end":{"line":19,"column":61}},"6":{"start":{"line":19,"column":55},"end":{"line":19,"column":60}},"7":{"start":{"line":23,"column":0},"end":{"line":23,"column":28}}},"fnMap":{"0":{"name":"(anonymous_0)","decl":{"start":{"line":2,"column":2},"end":{"line":2,"column":3}},"loc":{"start":{"line":2,"column":17},"end":{"line":4,"column":3}},"line":2},"1":{"name":"(anonymous_1)","decl":{"start":{"line":6,"column":2},"end":{"line":6,"column":3}},"loc":{"start":{"line":6,"column":21},"end":{"line":12,"column":3}},"line":6},"2":{"name":"(anonymous_2)","decl":{"start":{"line":14,"column":2},"end":{"line":14,"column":3}},"loc":{"start":{"line":14,"column":17},"end":{"line":16,"column":3}},"line":14},"3":{"name":"(anonymous_3)","decl":{"start":{"line":18,"column":2},"end":{"line":18,"column":3}},"loc":{"start":{"line":18,"column":9},"end":{"line":20,"column":3}},"line":18},"4":{"name":"(anonymous_4)","decl":{"start":{"line":19,"column":45},"end":{"line":19,"column":46}},"loc":{"start":{"line":19,"column":55},"end":{"line":19,"column":60}},"line":19}},"branchMap":{"0":{"loc":{"start":{"line":7,"column":4},"end":{"line":11,"column":5}},"type":"if","locations":[{"start":{"line":7,"column":4},"end":{"line":11,"column":5}},{"start":{"line":7,"column":4},"end":{"line":11,"column":5}}],"line":7}},"s":{"0":1,"1":4,"2":1,"3":3,"4":1,"5":2,"6":2,"7":1},"f":{"0":1,"1":4,"2":1,"3":2,"4":2},"b":{"0":[1,3]},"_coverageSchema":"332fd63041d2c1bcb487cc26dd0d5f7d97098a6c","hash":"53fb3e4d16d21f1a08b4159441a5a2fbb5138428"}
}
