TN:
SF:/Users/juretriglav/src/rgass/src/doubly-linked-list.js
FN:9,(anonymous_0)
FN:15,(anonymous_1)
FN:28,(anonymous_2)
FN:51,(anonymous_3)
FN:70,(anonymous_4)
FN:87,(anonymous_5)
FN:97,(anonymous_6)
FN:107,(anonymous_7)
FN:111,(anonymous_8)
FN:121,(anonymous_9)
FN:125,(anonymous_10)
FN:135,(anonymous_11)
FN:139,(anonymous_12)
FN:141,(anonymous_13)
FN:147,(anonymous_14)
FNF:15
FNH:8
FNDA:1,(anonymous_0)
FNDA:8,(anonymous_1)
FNDA:5,(anonymous_2)
FNDA:5,(anonymous_3)
FNDA:0,(anonymous_4)
FNDA:2,(anonymous_5)
FNDA:2,(anonymous_6)
FNDA:7,(anonymous_7)
FNDA:15,(anonymous_8)
FNDA:0,(anonymous_9)
FNDA:0,(anonymous_10)
FNDA:0,(anonymous_11)
FNDA:0,(anonymous_12)
FNDA:0,(anonymous_13)
FNDA:0,(anonymous_14)
DA:5,1
DA:6,1
DA:10,1
DA:11,1
DA:12,1
DA:16,8
DA:17,8
DA:18,2
DA:19,2
DA:21,6
DA:22,6
DA:23,6
DA:25,8
DA:29,5
DA:30,5
DA:31,13
DA:32,4
DA:33,1
DA:34,1
DA:35,3
DA:36,1
DA:37,1
DA:38,2
DA:39,1
DA:40,1
DA:42,1
DA:43,1
DA:45,4
DA:47,13
DA:52,5
DA:53,5
DA:54,22
DA:55,4
DA:56,4
DA:57,1
DA:59,3
DA:60,3
DA:61,3
DA:62,3
DA:63,3
DA:66,22
DA:71,0
DA:72,0
DA:73,0
DA:74,0
DA:75,0
DA:76,0
DA:77,0
DA:78,0
DA:80,0
DA:83,0
DA:88,2
DA:89,2
DA:90,14
DA:91,14
DA:93,14
DA:98,2
DA:99,2
DA:100,10
DA:101,10
DA:103,10
DA:108,7
DA:112,15
DA:113,15
DA:114,15
DA:115,53
DA:116,53
DA:118,15
DA:122,0
DA:126,0
DA:127,0
DA:128,0
DA:129,0
DA:130,0
DA:132,0
DA:136,0
DA:140,0
DA:141,0
DA:142,0
DA:144,0
DA:148,0
DA:149,0
DA:153,1
LF:83
LH:59
BRDA:17,0,0,2
BRDA:17,0,1,6
BRDA:31,1,0,4
BRDA:31,1,1,9
BRDA:32,2,0,1
BRDA:32,2,1,3
BRDA:32,3,0,4
BRDA:32,3,1,2
BRDA:35,4,0,1
BRDA:35,4,1,2
BRDA:38,5,0,1
BRDA:38,5,1,1
BRDA:54,6,0,4
BRDA:54,6,1,18
BRDA:56,7,0,1
BRDA:56,7,1,3
BRDA:73,8,0,0
BRDA:73,8,1,0
BRDA:74,9,0,0
BRDA:74,9,1,0
BRDA:90,10,0,14
BRDA:90,10,1,0
BRDA:100,11,0,10
BRDA:100,11,1,0
BRF:24
BRH:18
end_of_record
TN:
SF:/Users/juretriglav/src/rgass/src/node.js
FN:21,(anonymous_0)
FNF:1
FNH:1
FNDA:12,(anonymous_0)
DA:22,12
DA:24,12
DA:25,12
DA:29,1
LF:4
LH:4
BRF:0
BRH:0
end_of_record
TN:
SF:/Users/juretriglav/src/rgass/src/vector-clock.js
FN:2,(anonymous_0)
FN:6,(anonymous_1)
FN:14,(anonymous_2)
FN:18,(anonymous_3)
FN:19,(anonymous_4)
FNF:5
FNH:5
FNDA:1,(anonymous_0)
FNDA:4,(anonymous_1)
FNDA:1,(anonymous_2)
FNDA:2,(anonymous_3)
FNDA:2,(anonymous_4)
DA:3,1
DA:7,4
DA:8,1
DA:10,3
DA:15,1
DA:19,2
DA:23,1
LF:7
LH:7
BRDA:7,0,0,1
BRDA:7,0,1,3
BRF:2
BRH:2
end_of_record
